<?xml version="1.0" encoding="UTF-8"?>
<testsuite name="cf.iqas.ParallelTests" tests="4" skipped="0" failures="0" errors="0" timestamp="2022-01-08T19:06:33" hostname="MacBook-Pro-admin.local" time="16.989">
  <properties/>
  <testcase name="[1] steam" classname="cf.iqas.ParallelTests" time="10.609"/>
  <testcase name="[2] epic games store" classname="cf.iqas.ParallelTests" time="2.736"/>
  <testcase name="[3] uplay" classname="cf.iqas.ParallelTests" time="2.017"/>
  <testcase name="[4] gog" classname="cf.iqas.ParallelTests" time="1.623"/>
  <system-out><![CDATA[]]></system-out>
  <system-err><![CDATA[SLF4J: Failed to load class "org.slf4j.impl.StaticLoggerBinder".
SLF4J: Defaulting to no-operation (NOP) logger implementation
SLF4J: See http://www.slf4j.org/codes.html#StaticLoggerBinder for further details.
Starting ChromeDriver 97.0.4692.71 (adefa7837d02a07a604c1e6eff0b3a09422ab88d-refs/branch-heads/4692@{#1247}) on port 31862
Only local connections are allowed.
Please see https://chromedriver.chromium.org/security-considerations for suggestions on keeping ChromeDriver safe.
ChromeDriver was started successfully.
Jan 08, 2022 10:06:39 PM org.openqa.selenium.remote.ProtocolHandshake createSession
INFO: Detected dialect: W3C
]]></system-err>
</testsuite>
